<?xml version="1.0" encoding="UTF-8"?>
<!-- Generated by org.testng.reporters.JUnitReportReporter -->
<testsuite skipped="0" hostname="ZED_AIR_ULTRA" name="com.cucumber.RunCucumberTest" tests="2" failures="0" timestamp="2020-05-09T16:45:06 IST" time="90.615" errors="0">
  <testcase name="runScenario" time="45.321" classname="com.cucumber.RunCucumberTest"/>
  <system-out/>
  <testcase name="runScenario" time="45.294" classname="com.cucumber.RunCucumberTest"/>
  <system-out/>
</testsuite> <!-- com.cucumber.RunCucumberTest -->
