<?xml version="1.0" encoding="UTF-8"?>
<!-- Generated by org.testng.reporters.JUnitReportReporter -->
<testsuite hostname="DESKTOP-PCRDTAN" failures="0" tests="8" name="com.cucumber.RunCucumberTest" time="467.132" errors="0" timestamp="2020-05-14T21:42:36 IST" skipped="0">
  <testcase classname="com.cucumber.RunCucumberTest" name="runScenario" time="58.053"/>
  <system-out/>
  <testcase classname="com.cucumber.RunCucumberTest" name="runScenario" time="59.934"/>
  <system-out/>
  <testcase classname="com.cucumber.RunCucumberTest" name="runScenario" time="58.440"/>
  <system-out/>
  <testcase classname="com.cucumber.RunCucumberTest" name="runScenario" time="56.506"/>
  <system-out/>
  <testcase classname="com.cucumber.RunCucumberTest" name="runScenario" time="57.509"/>
  <system-out/>
  <testcase classname="com.cucumber.RunCucumberTest" name="runScenario" time="59.628"/>
  <system-out/>
  <testcase classname="com.cucumber.RunCucumberTest" name="runScenario" time="58.500"/>
  <system-out/>
  <testcase classname="com.cucumber.RunCucumberTest" name="runScenario" time="58.562"/>
  <system-out/>
</testsuite> <!-- com.cucumber.RunCucumberTest -->
