<?xml version="1.0" encoding="UTF-8"?>
<!-- Generated by org.testng.reporters.JUnitReportReporter -->
<testsuite hostname="DESKTOP-PCRDTAN" failures="0" tests="8" name="com.cucumber.RunCucumberTest" time="330.869" errors="0" timestamp="2020-05-15T09:59:36 IST" skipped="0">
  <testcase classname="com.cucumber.RunCucumberTest" name="runScenario" time="45.476"/>
  <system-out/>
  <testcase classname="com.cucumber.RunCucumberTest" name="runScenario" time="46.573"/>
  <system-out/>
  <testcase classname="com.cucumber.RunCucumberTest" name="runScenario" time="32.543"/>
  <system-out/>
  <testcase classname="com.cucumber.RunCucumberTest" name="runScenario" time="31.154"/>
  <system-out/>
  <testcase classname="com.cucumber.RunCucumberTest" name="runScenario" time="37.103"/>
  <system-out/>
  <testcase classname="com.cucumber.RunCucumberTest" name="runScenario" time="45.949"/>
  <system-out/>
  <testcase classname="com.cucumber.RunCucumberTest" name="runScenario" time="46.592"/>
  <system-out/>
  <testcase classname="com.cucumber.RunCucumberTest" name="runScenario" time="45.479"/>
  <system-out/>
</testsuite> <!-- com.cucumber.RunCucumberTest -->
